<?xml version="1.0" encoding="UTF-8"?>
<coverage generated="1569593159153" clover="3.2.0">
  <project timestamp="1569593159153" name="All files">
    <metrics statements="121" coveredstatements="120" conditionals="92" coveredconditionals="91" methods="19" coveredmethods="14" elements="232" coveredelements="225" complexity="0" loc="121" ncloc="121" packages="1" files="3" classes="3"/>
    <file name="book.repository.js" path="/home/tahrim/Téléchargements/Cours/2A/TestUnitaire/tp-jest/src/book.repository.js">
      <metrics statements="3" coveredstatements="3" conditionals="0" coveredconditionals="0" methods="6" coveredmethods="2"/>
      <line num="7" count="1" type="stmt"/>
      <line num="11" count="1" type="stmt"/>
      <line num="62" count="1" type="stmt"/>
    </file>
    <file name="interval.js" path="/home/tahrim/Téléchargements/Cours/2A/TestUnitaire/tp-jest/src/interval.js">
      <metrics statements="64" coveredstatements="63" conditionals="54" coveredconditionals="53" methods="7" coveredmethods="6"/>
      <line num="3" count="62" type="stmt"/>
      <line num="4" count="62" type="stmt"/>
      <line num="8" count="0" type="stmt"/>
      <line num="26" count="2" type="cond" truecount="2" falsecount="0"/>
      <line num="46" count="4" type="cond" truecount="2" falsecount="0"/>
      <line num="66" count="5" type="stmt"/>
      <line num="67" count="5" type="stmt"/>
      <line num="68" count="5" type="cond" truecount="2" falsecount="0"/>
      <line num="69" count="1" type="stmt"/>
      <line num="70" count="4" type="cond" truecount="2" falsecount="0"/>
      <line num="71" count="1" type="stmt"/>
      <line num="74" count="3" type="cond" truecount="2" falsecount="0"/>
      <line num="75" count="2" type="stmt"/>
      <line num="77" count="3" type="cond" truecount="2" falsecount="0"/>
      <line num="78" count="1" type="stmt"/>
      <line num="80" count="3" type="stmt"/>
      <line num="100" count="9" type="stmt"/>
      <line num="101" count="9" type="stmt"/>
      <line num="102" count="9" type="cond" truecount="4" falsecount="0"/>
      <line num="103" count="4" type="stmt"/>
      <line num="104" count="4" type="stmt"/>
      <line num="105" count="13" type="cond" truecount="2" falsecount="0"/>
      <line num="106" count="11" type="stmt"/>
      <line num="108" count="5" type="cond" truecount="4" falsecount="0"/>
      <line num="109" count="4" type="stmt"/>
      <line num="110" count="4" type="stmt"/>
      <line num="111" count="34" type="cond" truecount="2" falsecount="0"/>
      <line num="112" count="32" type="stmt"/>
      <line num="115" count="9" type="cond" truecount="2" falsecount="0"/>
      <line num="116" count="8" type="stmt"/>
      <line num="136" count="7" type="cond" truecount="4" falsecount="0"/>
      <line num="137" count="6" type="cond" truecount="2" falsecount="0"/>
      <line num="138" count="1" type="stmt"/>
      <line num="139" count="5" type="cond" truecount="2" falsecount="0"/>
      <line num="140" count="1" type="stmt"/>
      <line num="142" count="4" type="stmt"/>
      <line num="143" count="4" type="stmt"/>
      <line num="144" count="4" type="stmt"/>
      <line num="145" count="4" type="stmt"/>
      <line num="146" count="4" type="stmt"/>
      <line num="147" count="4" type="cond" truecount="5" falsecount="0"/>
      <line num="148" count="1" type="stmt"/>
      <line num="149" count="1" type="stmt"/>
      <line num="151" count="1" type="stmt"/>
      <line num="152" count="1" type="stmt"/>
      <line num="153" count="3" type="cond" truecount="5" falsecount="0"/>
      <line num="154" count="1" type="stmt"/>
      <line num="155" count="1" type="stmt"/>
      <line num="157" count="1" type="stmt"/>
      <line num="158" count="1" type="stmt"/>
      <line num="159" count="2" type="cond" truecount="5" falsecount="0"/>
      <line num="160" count="1" type="stmt"/>
      <line num="161" count="1" type="stmt"/>
      <line num="163" count="1" type="stmt"/>
      <line num="164" count="1" type="stmt"/>
      <line num="165" count="1" type="cond" truecount="4" falsecount="1"/>
      <line num="166" count="1" type="stmt"/>
      <line num="167" count="1" type="stmt"/>
      <line num="169" count="1" type="stmt"/>
      <line num="170" count="1" type="stmt"/>
      <line num="173" count="4" type="stmt"/>
      <line num="174" count="4" type="stmt"/>
      <line num="175" count="4" type="stmt"/>
      <line num="179" count="1" type="stmt"/>
    </file>
    <file name="math.js" path="/home/tahrim/Téléchargements/Cours/2A/TestUnitaire/tp-jest/src/math.js">
      <metrics statements="54" coveredstatements="54" conditionals="38" coveredconditionals="38" methods="6" coveredmethods="6"/>
      <line num="1" count="1" type="stmt"/>
      <line num="2" count="1" type="stmt"/>
      <line num="3" count="11" type="cond" truecount="2" falsecount="0"/>
      <line num="4" count="3" type="stmt"/>
      <line num="7" count="8" type="cond" truecount="2" falsecount="0"/>
      <line num="8" count="1" type="stmt"/>
      <line num="11" count="7" type="cond" truecount="2" falsecount="0"/>
      <line num="12" count="1" type="stmt"/>
      <line num="15" count="6" type="stmt"/>
      <line num="26" count="1" type="stmt"/>
      <line num="27" count="26" type="cond" truecount="4" falsecount="0"/>
      <line num="28" count="2" type="stmt"/>
      <line num="30" count="24" type="cond" truecount="2" falsecount="0"/>
      <line num="31" count="1" type="stmt"/>
      <line num="33" count="23" type="stmt"/>
      <line num="34" count="97" type="cond" truecount="2" falsecount="0"/>
      <line num="35" count="15" type="stmt"/>
      <line num="49" count="1" type="stmt"/>
      <line num="50" count="6" type="stmt"/>
      <line num="51" count="6" type="cond" truecount="2" falsecount="0"/>
      <line num="52" count="5" type="cond" truecount="2" falsecount="0"/>
      <line num="53" count="4" type="stmt"/>
      <line num="54" count="17" type="cond" truecount="2" falsecount="0"/>
      <line num="55" count="11" type="stmt"/>
      <line num="59" count="5" type="cond" truecount="2" falsecount="0"/>
      <line num="60" count="1" type="stmt"/>
      <line num="62" count="4" type="stmt"/>
      <line num="77" count="1" type="stmt"/>
      <line num="78" count="4" type="stmt"/>
      <line num="79" count="4" type="cond" truecount="2" falsecount="0"/>
      <line num="80" count="3" type="cond" truecount="2" falsecount="0"/>
      <line num="81" count="1" type="stmt"/>
      <line num="83" count="2" type="stmt"/>
      <line num="84" count="20" type="cond" truecount="2" falsecount="0"/>
      <line num="85" count="19" type="cond" truecount="2" falsecount="0"/>
      <line num="86" count="14" type="cond" truecount="2" falsecount="0"/>
      <line num="87" count="11" type="stmt"/>
      <line num="89" count="2" type="stmt"/>
      <line num="101" count="1" type="stmt"/>
      <line num="102" count="4" type="cond" truecount="2" falsecount="0"/>
      <line num="103" count="2" type="stmt"/>
      <line num="104" count="2" type="stmt"/>
      <line num="105" count="16" type="cond" truecount="2" falsecount="0"/>
      <line num="106" count="1" type="stmt"/>
      <line num="108" count="2" type="stmt"/>
      <line num="123" count="1" type="stmt"/>
      <line num="124" count="3" type="stmt"/>
      <line num="125" count="3" type="stmt"/>
      <line num="126" count="10" type="stmt"/>
      <line num="127" count="10" type="stmt"/>
      <line num="128" count="14" type="cond" truecount="2" falsecount="0"/>
      <line num="129" count="6" type="stmt"/>
      <line num="133" count="3" type="stmt"/>
      <line num="136" count="1" type="stmt"/>
    </file>
  </project>
</coverage>
