{"/home/tahrim/Téléchargements/Cours/2A/TestUnitaire/tp-jest/src/book.repository.js": {"path":"/home/tahrim/Téléchargements/Cours/2A/TestUnitaire/tp-jest/src/book.repository.js","statementMap":{"0":{"start":{"line":7,"column":8},"end":{"line":7,"column":21}},"1":{"start":{"line":11,"column":8},"end":{"line":11,"column":48}},"2":{"start":{"line":62,"column":0},"end":{"line":62,"column":32}}},"fnMap":{"0":{"name":"(anonymous_0)","decl":{"start":{"line":6,"column":4},"end":{"line":6,"column":5}},"loc":{"start":{"line":6,"column":20},"end":{"line":8,"column":5}},"line":6},"1":{"name":"(anonymous_1)","decl":{"start":{"line":10,"column":4},"end":{"line":10,"column":5}},"loc":{"start":{"line":10,"column":16},"end":{"line":12,"column":5}},"line":10},"2":{"name":"(anonymous_2)","decl":{"start":{"line":17,"column":4},"end":{"line":17,"column":5}},"loc":{"start":{"line":17,"column":20},"end":{"line":19,"column":5}},"line":17},"3":{"name":"(anonymous_3)","decl":{"start":{"line":24,"column":4},"end":{"line":24,"column":5}},"loc":{"start":{"line":24,"column":20},"end":{"line":26,"column":5}},"line":24},"4":{"name":"(anonymous_4)","decl":{"start":{"line":32,"column":4},"end":{"line":32,"column":5}},"loc":{"start":{"line":32,"column":28},"end":{"line":34,"column":5}},"line":32},"5":{"name":"(anonymous_5)","decl":{"start":{"line":55,"column":4},"end":{"line":55,"column":5}},"loc":{"start":{"line":55,"column":38},"end":{"line":57,"column":5}},"line":55}},"branchMap":{},"s":{"0":1,"1":1,"2":1},"f":{"0":1,"1":1,"2":0,"3":0,"4":0,"5":0},"b":{},"_coverageSchema":"43e27e138ebf9cfc5966b082cf9a028302ed4184","hash":"1eeaf47c5a6758231e2b635a839c30e1a8ba9341"}
,"/home/tahrim/Téléchargements/Cours/2A/TestUnitaire/tp-jest/src/interval.js": {"path":"/home/tahrim/Téléchargements/Cours/2A/TestUnitaire/tp-jest/src/interval.js","statementMap":{"0":{"start":{"line":3,"column":8},"end":{"line":3,"column":27}},"1":{"start":{"line":4,"column":8},"end":{"line":4,"column":22}},"2":{"start":{"line":8,"column":8},"end":{"line":8,"column":55}},"3":{"start":{"line":26,"column":8},"end":{"line":26,"column":70}},"4":{"start":{"line":46,"column":1},"end":{"line":46,"column":65}},"5":{"start":{"line":66,"column":16},"end":{"line":66,"column":26}},"6":{"start":{"line":67,"column":14},"end":{"line":67,"column":22}},"7":{"start":{"line":68,"column":1},"end":{"line":72,"column":2}},"8":{"start":{"line":69,"column":2},"end":{"line":69,"column":26}},"9":{"start":{"line":70,"column":7},"end":{"line":72,"column":2}},"10":{"start":{"line":71,"column":2},"end":{"line":71,"column":24}},"11":{"start":{"line":74,"column":1},"end":{"line":75,"column":31}},"12":{"start":{"line":74,"column":32},"end":{"line":74,"column":53}},"13":{"start":{"line":75,"column":6},"end":{"line":75,"column":31}},"14":{"start":{"line":77,"column":1},"end":{"line":78,"column":27}},"15":{"start":{"line":77,"column":28},"end":{"line":77,"column":45}},"16":{"start":{"line":78,"column":6},"end":{"line":78,"column":27}},"17":{"start":{"line":80,"column":1},"end":{"line":80,"column":38}},"18":{"start":{"line":100,"column":16},"end":{"line":100,"column":20}},"19":{"start":{"line":101,"column":14},"end":{"line":101,"column":18}},"20":{"start":{"line":102,"column":1},"end":{"line":114,"column":2}},"21":{"start":{"line":103,"column":2},"end":{"line":103,"column":28}},"22":{"start":{"line":104,"column":2},"end":{"line":107,"column":3}},"23":{"start":{"line":104,"column":14},"end":{"line":104,"column":22}},"24":{"start":{"line":105,"column":3},"end":{"line":105,"column":32}},"25":{"start":{"line":105,"column":25},"end":{"line":105,"column":31}},"26":{"start":{"line":106,"column":3},"end":{"line":106,"column":14}},"27":{"start":{"line":108,"column":7},"end":{"line":114,"column":2}},"28":{"start":{"line":109,"column":2},"end":{"line":109,"column":24}},"29":{"start":{"line":110,"column":2},"end":{"line":113,"column":3}},"30":{"start":{"line":110,"column":12},"end":{"line":110,"column":13}},"31":{"start":{"line":111,"column":3},"end":{"line":111,"column":24}},"32":{"start":{"line":111,"column":18},"end":{"line":111,"column":24}},"33":{"start":{"line":112,"column":3},"end":{"line":112,"column":15}},"34":{"start":{"line":115,"column":1},"end":{"line":115,"column":34}},"35":{"start":{"line":115,"column":22},"end":{"line":115,"column":34}},"36":{"start":{"line":116,"column":1},"end":{"line":116,"column":38}},"37":{"start":{"line":136,"column":1},"end":{"line":136,"column":75}},"38":{"start":{"line":136,"column":63},"end":{"line":136,"column":75}},"39":{"start":{"line":137,"column":1},"end":{"line":141,"column":2}},"40":{"start":{"line":138,"column":2},"end":{"line":138,"column":26}},"41":{"start":{"line":139,"column":7},"end":{"line":141,"column":2}},"42":{"start":{"line":140,"column":2},"end":{"line":140,"column":24}},"43":{"start":{"line":142,"column":18},"end":{"line":142,"column":22}},"44":{"start":{"line":143,"column":18},"end":{"line":143,"column":22}},"45":{"start":{"line":144,"column":16},"end":{"line":144,"column":20}},"46":{"start":{"line":145,"column":16},"end":{"line":145,"column":20}},"47":{"start":{"line":146,"column":13},"end":{"line":146,"column":40}},"48":{"start":{"line":147,"column":1},"end":{"line":171,"column":2}},"49":{"start":{"line":148,"column":2},"end":{"line":148,"column":28}},"50":{"start":{"line":149,"column":2},"end":{"line":149,"column":26}},"51":{"start":{"line":151,"column":2},"end":{"line":151,"column":27}},"52":{"start":{"line":152,"column":2},"end":{"line":152,"column":28}},"53":{"start":{"line":153,"column":7},"end":{"line":171,"column":2}},"54":{"start":{"line":154,"column":2},"end":{"line":154,"column":32}},"55":{"start":{"line":155,"column":2},"end":{"line":155,"column":26}},"56":{"start":{"line":157,"column":2},"end":{"line":157,"column":27}},"57":{"start":{"line":158,"column":2},"end":{"line":158,"column":24}},"58":{"start":{"line":159,"column":7},"end":{"line":171,"column":2}},"59":{"start":{"line":160,"column":2},"end":{"line":160,"column":28}},"60":{"start":{"line":161,"column":2},"end":{"line":161,"column":26}},"61":{"start":{"line":163,"column":2},"end":{"line":163,"column":27}},"62":{"start":{"line":164,"column":2},"end":{"line":164,"column":24}},"63":{"start":{"line":165,"column":7},"end":{"line":171,"column":2}},"64":{"start":{"line":166,"column":2},"end":{"line":166,"column":32}},"65":{"start":{"line":167,"column":2},"end":{"line":167,"column":26}},"66":{"start":{"line":169,"column":2},"end":{"line":169,"column":27}},"67":{"start":{"line":170,"column":2},"end":{"line":170,"column":28}},"68":{"start":{"line":173,"column":12},"end":{"line":173,"column":49}},"69":{"start":{"line":174,"column":12},"end":{"line":174,"column":49}},"70":{"start":{"line":175,"column":1},"end":{"line":175,"column":19}},"71":{"start":{"line":179,"column":0},"end":{"line":179,"column":26}}},"fnMap":{"0":{"name":"(anonymous_0)","decl":{"start":{"line":2,"column":4},"end":{"line":2,"column":5}},"loc":{"start":{"line":2,"column":28},"end":{"line":5,"column":5}},"line":2},"1":{"name":"(anonymous_1)","decl":{"start":{"line":7,"column":4},"end":{"line":7,"column":5}},"loc":{"start":{"line":7,"column":15},"end":{"line":9,"column":5}},"line":7},"2":{"name":"(anonymous_2)","decl":{"start":{"line":25,"column":4},"end":{"line":25,"column":5}},"loc":{"start":{"line":25,"column":23},"end":{"line":27,"column":5}},"line":25},"3":{"name":"(anonymous_3)","decl":{"start":{"line":45,"column":4},"end":{"line":45,"column":5}},"loc":{"start":{"line":45,"column":23},"end":{"line":47,"column":5}},"line":45},"4":{"name":"(anonymous_4)","decl":{"start":{"line":65,"column":4},"end":{"line":65,"column":5}},"loc":{"start":{"line":65,"column":20},"end":{"line":81,"column":5}},"line":65},"5":{"name":"(anonymous_5)","decl":{"start":{"line":99,"column":4},"end":{"line":99,"column":5}},"loc":{"start":{"line":99,"column":27},"end":{"line":117,"column":5}},"line":99},"6":{"name":"(anonymous_6)","decl":{"start":{"line":135,"column":4},"end":{"line":135,"column":5}},"loc":{"start":{"line":135,"column":24},"end":{"line":176,"column":5}},"line":135}},"branchMap":{"0":{"loc":{"start":{"line":26,"column":15},"end":{"line":26,"column":69}},"type":"binary-expr","locations":[{"start":{"line":26,"column":15},"end":{"line":26,"column":40}},{"start":{"line":26,"column":44},"end":{"line":26,"column":69}}],"line":26},"1":{"loc":{"start":{"line":46,"column":9},"end":{"line":46,"column":63}},"type":"binary-expr","locations":[{"start":{"line":46,"column":9},"end":{"line":46,"column":36}},{"start":{"line":46,"column":40},"end":{"line":46,"column":63}}],"line":46},"2":{"loc":{"start":{"line":68,"column":1},"end":{"line":72,"column":2}},"type":"if","locations":[{"start":{"line":68,"column":1},"end":{"line":72,"column":2}},{"start":{"line":68,"column":1},"end":{"line":72,"column":2}}],"line":68},"3":{"loc":{"start":{"line":70,"column":7},"end":{"line":72,"column":2}},"type":"if","locations":[{"start":{"line":70,"column":7},"end":{"line":72,"column":2}},{"start":{"line":70,"column":7},"end":{"line":72,"column":2}}],"line":70},"4":{"loc":{"start":{"line":74,"column":1},"end":{"line":75,"column":31}},"type":"if","locations":[{"start":{"line":74,"column":1},"end":{"line":75,"column":31}},{"start":{"line":74,"column":1},"end":{"line":75,"column":31}}],"line":74},"5":{"loc":{"start":{"line":77,"column":1},"end":{"line":78,"column":27}},"type":"if","locations":[{"start":{"line":77,"column":1},"end":{"line":78,"column":27}},{"start":{"line":77,"column":1},"end":{"line":78,"column":27}}],"line":77},"6":{"loc":{"start":{"line":102,"column":1},"end":{"line":114,"column":2}},"type":"if","locations":[{"start":{"line":102,"column":1},"end":{"line":114,"column":2}},{"start":{"line":102,"column":1},"end":{"line":114,"column":2}}],"line":102},"7":{"loc":{"start":{"line":102,"column":4},"end":{"line":102,"column":61}},"type":"binary-expr","locations":[{"start":{"line":102,"column":4},"end":{"line":102,"column":29}},{"start":{"line":102,"column":33},"end":{"line":102,"column":61}}],"line":102},"8":{"loc":{"start":{"line":105,"column":3},"end":{"line":105,"column":32}},"type":"if","locations":[{"start":{"line":105,"column":3},"end":{"line":105,"column":32}},{"start":{"line":105,"column":3},"end":{"line":105,"column":32}}],"line":105},"9":{"loc":{"start":{"line":108,"column":7},"end":{"line":114,"column":2}},"type":"if","locations":[{"start":{"line":108,"column":7},"end":{"line":114,"column":2}},{"start":{"line":108,"column":7},"end":{"line":114,"column":2}}],"line":108},"10":{"loc":{"start":{"line":108,"column":11},"end":{"line":108,"column":67}},"type":"binary-expr","locations":[{"start":{"line":108,"column":11},"end":{"line":108,"column":36}},{"start":{"line":108,"column":40},"end":{"line":108,"column":67}}],"line":108},"11":{"loc":{"start":{"line":111,"column":3},"end":{"line":111,"column":24}},"type":"if","locations":[{"start":{"line":111,"column":3},"end":{"line":111,"column":24}},{"start":{"line":111,"column":3},"end":{"line":111,"column":24}}],"line":111},"12":{"loc":{"start":{"line":115,"column":1},"end":{"line":115,"column":34}},"type":"if","locations":[{"start":{"line":115,"column":1},"end":{"line":115,"column":34}},{"start":{"line":115,"column":1},"end":{"line":115,"column":34}}],"line":115},"13":{"loc":{"start":{"line":136,"column":1},"end":{"line":136,"column":75}},"type":"if","locations":[{"start":{"line":136,"column":1},"end":{"line":136,"column":75}},{"start":{"line":136,"column":1},"end":{"line":136,"column":75}}],"line":136},"14":{"loc":{"start":{"line":136,"column":5},"end":{"line":136,"column":61}},"type":"binary-expr","locations":[{"start":{"line":136,"column":5},"end":{"line":136,"column":33}},{"start":{"line":136,"column":37},"end":{"line":136,"column":61}}],"line":136},"15":{"loc":{"start":{"line":137,"column":1},"end":{"line":141,"column":2}},"type":"if","locations":[{"start":{"line":137,"column":1},"end":{"line":141,"column":2}},{"start":{"line":137,"column":1},"end":{"line":141,"column":2}}],"line":137},"16":{"loc":{"start":{"line":139,"column":7},"end":{"line":141,"column":2}},"type":"if","locations":[{"start":{"line":139,"column":7},"end":{"line":141,"column":2}},{"start":{"line":139,"column":7},"end":{"line":141,"column":2}}],"line":139},"17":{"loc":{"start":{"line":147,"column":1},"end":{"line":171,"column":2}},"type":"if","locations":[{"start":{"line":147,"column":1},"end":{"line":171,"column":2}},{"start":{"line":147,"column":1},"end":{"line":171,"column":2}}],"line":147},"18":{"loc":{"start":{"line":147,"column":4},"end":{"line":147,"column":84}},"type":"binary-expr","locations":[{"start":{"line":147,"column":5},"end":{"line":147,"column":28}},{"start":{"line":147,"column":32},"end":{"line":147,"column":57}},{"start":{"line":147,"column":62},"end":{"line":147,"column":84}}],"line":147},"19":{"loc":{"start":{"line":153,"column":7},"end":{"line":171,"column":2}},"type":"if","locations":[{"start":{"line":153,"column":7},"end":{"line":171,"column":2}},{"start":{"line":153,"column":7},"end":{"line":171,"column":2}}],"line":153},"20":{"loc":{"start":{"line":153,"column":10},"end":{"line":153,"column":92}},"type":"binary-expr","locations":[{"start":{"line":153,"column":11},"end":{"line":153,"column":35}},{"start":{"line":153,"column":39},"end":{"line":153,"column":65}},{"start":{"line":153,"column":70},"end":{"line":153,"column":92}}],"line":153},"21":{"loc":{"start":{"line":159,"column":7},"end":{"line":171,"column":2}},"type":"if","locations":[{"start":{"line":159,"column":7},"end":{"line":171,"column":2}},{"start":{"line":159,"column":7},"end":{"line":171,"column":2}}],"line":159},"22":{"loc":{"start":{"line":159,"column":10},"end":{"line":159,"column":90}},"type":"binary-expr","locations":[{"start":{"line":159,"column":11},"end":{"line":159,"column":34}},{"start":{"line":159,"column":38},"end":{"line":159,"column":63}},{"start":{"line":159,"column":68},"end":{"line":159,"column":90}}],"line":159},"23":{"loc":{"start":{"line":165,"column":7},"end":{"line":171,"column":2}},"type":"if","locations":[{"start":{"line":165,"column":7},"end":{"line":171,"column":2}},{"start":{"line":165,"column":7},"end":{"line":171,"column":2}}],"line":165},"24":{"loc":{"start":{"line":165,"column":11},"end":{"line":165,"column":94}},"type":"binary-expr","locations":[{"start":{"line":165,"column":12},"end":{"line":165,"column":36}},{"start":{"line":165,"column":40},"end":{"line":165,"column":66}},{"start":{"line":165,"column":71},"end":{"line":165,"column":94}}],"line":165}},"s":{"0":62,"1":62,"2":0,"3":2,"4":4,"5":5,"6":5,"7":5,"8":1,"9":4,"10":1,"11":3,"12":1,"13":2,"14":3,"15":2,"16":1,"17":3,"18":9,"19":9,"20":9,"21":4,"22":4,"23":4,"24":13,"25":2,"26":11,"27":5,"28":4,"29":4,"30":4,"31":34,"32":2,"33":32,"34":9,"35":1,"36":8,"37":7,"38":1,"39":6,"40":1,"41":5,"42":1,"43":4,"44":4,"45":4,"46":4,"47":4,"48":4,"49":1,"50":1,"51":1,"52":1,"53":3,"54":1,"55":1,"56":1,"57":1,"58":2,"59":1,"60":1,"61":1,"62":1,"63":1,"64":1,"65":1,"66":1,"67":1,"68":4,"69":4,"70":4,"71":1},"f":{"0":62,"1":0,"2":2,"3":4,"4":5,"5":9,"6":7},"b":{"0":[2,2],"1":[4,2],"2":[1,4],"3":[1,3],"4":[1,2],"5":[2,1],"6":[4,5],"7":[9,9],"8":[2,11],"9":[4,1],"10":[5,4],"11":[2,32],"12":[1,8],"13":[1,6],"14":[7,1],"15":[1,5],"16":[1,4],"17":[1,3],"18":[4,4,2],"19":[1,2],"20":[3,3,2],"21":[1,1],"22":[2,2,1],"23":[1,0],"24":[1,1,1]},"_coverageSchema":"43e27e138ebf9cfc5966b082cf9a028302ed4184","hash":"b3e51065b3f3481d46c3a41ec48acf35ae0386a1"}
,"/home/tahrim/Téléchargements/Cours/2A/TestUnitaire/tp-jest/src/math.js": {"path":"/home/tahrim/Téléchargements/Cours/2A/TestUnitaire/tp-jest/src/math.js","statementMap":{"0":{"start":{"line":1,"column":11},"end":{"line":1,"column":13}},"1":{"start":{"line":2,"column":0},"end":{"line":16,"column":2}},"2":{"start":{"line":3,"column":4},"end":{"line":5,"column":5}},"3":{"start":{"line":4,"column":8},"end":{"line":4,"column":17}},"4":{"start":{"line":7,"column":4},"end":{"line":9,"column":5}},"5":{"start":{"line":8,"column":8},"end":{"line":8,"column":27}},"6":{"start":{"line":11,"column":4},"end":{"line":13,"column":5}},"7":{"start":{"line":12,"column":8},"end":{"line":12,"column":29}},"8":{"start":{"line":15,"column":4},"end":{"line":15,"column":37}},"9":{"start":{"line":26,"column":0},"end":{"line":37,"column":2}},"10":{"start":{"line":27,"column":4},"end":{"line":29,"column":5}},"11":{"start":{"line":28,"column":8},"end":{"line":28,"column":21}},"12":{"start":{"line":30,"column":4},"end":{"line":32,"column":5}},"13":{"start":{"line":31,"column":8},"end":{"line":31,"column":49}},"14":{"start":{"line":33,"column":4},"end":{"line":34,"column":38}},"15":{"start":{"line":33,"column":17},"end":{"line":33,"column":18}},"16":{"start":{"line":34,"column":8},"end":{"line":34,"column":38}},"17":{"start":{"line":34,"column":25},"end":{"line":34,"column":38}},"18":{"start":{"line":35,"column":4},"end":{"line":35,"column":16}},"19":{"start":{"line":49,"column":0},"end":{"line":63,"column":2}},"20":{"start":{"line":50,"column":9},"end":{"line":50,"column":10}},"21":{"start":{"line":51,"column":1},"end":{"line":51,"column":83}},"22":{"start":{"line":51,"column":25},"end":{"line":51,"column":83}},"23":{"start":{"line":52,"column":1},"end":{"line":58,"column":2}},"24":{"start":{"line":53,"column":2},"end":{"line":57,"column":3}},"25":{"start":{"line":53,"column":12},"end":{"line":53,"column":13}},"26":{"start":{"line":54,"column":3},"end":{"line":56,"column":4}},"27":{"start":{"line":55,"column":4},"end":{"line":55,"column":11}},"28":{"start":{"line":59,"column":1},"end":{"line":61,"column":2}},"29":{"start":{"line":60,"column":2},"end":{"line":60,"column":46}},"30":{"start":{"line":62,"column":1},"end":{"line":62,"column":12}},"31":{"start":{"line":77,"column":0},"end":{"line":90,"column":2}},"32":{"start":{"line":78,"column":12},"end":{"line":78,"column":14}},"33":{"start":{"line":79,"column":1},"end":{"line":79,"column":83}},"34":{"start":{"line":79,"column":25},"end":{"line":79,"column":83}},"35":{"start":{"line":80,"column":1},"end":{"line":82,"column":2}},"36":{"start":{"line":81,"column":2},"end":{"line":81,"column":47}},"37":{"start":{"line":83,"column":1},"end":{"line":88,"column":2}},"38":{"start":{"line":83,"column":12},"end":{"line":83,"column":13}},"39":{"start":{"line":84,"column":6},"end":{"line":87,"column":26}},"40":{"start":{"line":84,"column":23},"end":{"line":84,"column":47}},"41":{"start":{"line":85,"column":11},"end":{"line":87,"column":26}},"42":{"start":{"line":85,"column":27},"end":{"line":85,"column":47}},"43":{"start":{"line":86,"column":11},"end":{"line":87,"column":26}},"44":{"start":{"line":86,"column":27},"end":{"line":86,"column":47}},"45":{"start":{"line":87,"column":11},"end":{"line":87,"column":26}},"46":{"start":{"line":89,"column":1},"end":{"line":89,"column":15}},"47":{"start":{"line":101,"column":0},"end":{"line":109,"column":2}},"48":{"start":{"line":102,"column":1},"end":{"line":102,"column":85}},"49":{"start":{"line":102,"column":30},"end":{"line":102,"column":85}},"50":{"start":{"line":103,"column":10},"end":{"line":103,"column":12}},"51":{"start":{"line":104,"column":1},"end":{"line":107,"column":2}},"52":{"start":{"line":104,"column":11},"end":{"line":104,"column":12}},"53":{"start":{"line":105,"column":2},"end":{"line":106,"column":16}},"54":{"start":{"line":105,"column":22},"end":{"line":105,"column":76}},"55":{"start":{"line":106,"column":7},"end":{"line":106,"column":16}},"56":{"start":{"line":108,"column":1},"end":{"line":108,"column":12}},"57":{"start":{"line":123,"column":0},"end":{"line":134,"column":2}},"58":{"start":{"line":124,"column":9},"end":{"line":124,"column":10}},"59":{"start":{"line":125,"column":1},"end":{"line":132,"column":2}},"60":{"start":{"line":125,"column":11},"end":{"line":125,"column":12}},"61":{"start":{"line":126,"column":15},"end":{"line":126,"column":23}},"62":{"start":{"line":127,"column":2},"end":{"line":131,"column":3}},"63":{"start":{"line":127,"column":12},"end":{"line":127,"column":15}},"64":{"start":{"line":128,"column":3},"end":{"line":130,"column":4}},"65":{"start":{"line":129,"column":4},"end":{"line":129,"column":10}},"66":{"start":{"line":133,"column":1},"end":{"line":133,"column":12}},"67":{"start":{"line":136,"column":0},"end":{"line":136,"column":22}}},"fnMap":{"0":{"name":"(anonymous_0)","decl":{"start":{"line":2,"column":17},"end":{"line":2,"column":18}},"loc":{"start":{"line":2,"column":24},"end":{"line":16,"column":1}},"line":2},"1":{"name":"(anonymous_1)","decl":{"start":{"line":26,"column":15},"end":{"line":26,"column":16}},"loc":{"start":{"line":26,"column":28},"end":{"line":37,"column":1}},"line":26},"2":{"name":"(anonymous_2)","decl":{"start":{"line":49,"column":16},"end":{"line":49,"column":17}},"loc":{"start":{"line":49,"column":28},"end":{"line":63,"column":1}},"line":49},"3":{"name":"(anonymous_3)","decl":{"start":{"line":77,"column":16},"end":{"line":77,"column":17}},"loc":{"start":{"line":77,"column":28},"end":{"line":90,"column":1}},"line":77},"4":{"name":"(anonymous_4)","decl":{"start":{"line":101,"column":14},"end":{"line":101,"column":15}},"loc":{"start":{"line":101,"column":32},"end":{"line":109,"column":1}},"line":101},"5":{"name":"(anonymous_5)","decl":{"start":{"line":123,"column":13},"end":{"line":123,"column":14}},"loc":{"start":{"line":123,"column":29},"end":{"line":134,"column":1}},"line":123}},"branchMap":{"0":{"loc":{"start":{"line":3,"column":4},"end":{"line":5,"column":5}},"type":"if","locations":[{"start":{"line":3,"column":4},"end":{"line":5,"column":5}},{"start":{"line":3,"column":4},"end":{"line":5,"column":5}}],"line":3},"1":{"loc":{"start":{"line":7,"column":4},"end":{"line":9,"column":5}},"type":"if","locations":[{"start":{"line":7,"column":4},"end":{"line":9,"column":5}},{"start":{"line":7,"column":4},"end":{"line":9,"column":5}}],"line":7},"2":{"loc":{"start":{"line":11,"column":4},"end":{"line":13,"column":5}},"type":"if","locations":[{"start":{"line":11,"column":4},"end":{"line":13,"column":5}},{"start":{"line":11,"column":4},"end":{"line":13,"column":5}}],"line":11},"3":{"loc":{"start":{"line":27,"column":4},"end":{"line":29,"column":5}},"type":"if","locations":[{"start":{"line":27,"column":4},"end":{"line":29,"column":5}},{"start":{"line":27,"column":4},"end":{"line":29,"column":5}}],"line":27},"4":{"loc":{"start":{"line":27,"column":8},"end":{"line":27,"column":26}},"type":"binary-expr","locations":[{"start":{"line":27,"column":8},"end":{"line":27,"column":15}},{"start":{"line":27,"column":19},"end":{"line":27,"column":26}}],"line":27},"5":{"loc":{"start":{"line":30,"column":4},"end":{"line":32,"column":5}},"type":"if","locations":[{"start":{"line":30,"column":4},"end":{"line":32,"column":5}},{"start":{"line":30,"column":4},"end":{"line":32,"column":5}}],"line":30},"6":{"loc":{"start":{"line":34,"column":8},"end":{"line":34,"column":38}},"type":"if","locations":[{"start":{"line":34,"column":8},"end":{"line":34,"column":38}},{"start":{"line":34,"column":8},"end":{"line":34,"column":38}}],"line":34},"7":{"loc":{"start":{"line":51,"column":1},"end":{"line":51,"column":83}},"type":"if","locations":[{"start":{"line":51,"column":1},"end":{"line":51,"column":83}},{"start":{"line":51,"column":1},"end":{"line":51,"column":83}}],"line":51},"8":{"loc":{"start":{"line":52,"column":1},"end":{"line":58,"column":2}},"type":"if","locations":[{"start":{"line":52,"column":1},"end":{"line":58,"column":2}},{"start":{"line":52,"column":1},"end":{"line":58,"column":2}}],"line":52},"9":{"loc":{"start":{"line":54,"column":3},"end":{"line":56,"column":4}},"type":"if","locations":[{"start":{"line":54,"column":3},"end":{"line":56,"column":4}},{"start":{"line":54,"column":3},"end":{"line":56,"column":4}}],"line":54},"10":{"loc":{"start":{"line":59,"column":1},"end":{"line":61,"column":2}},"type":"if","locations":[{"start":{"line":59,"column":1},"end":{"line":61,"column":2}},{"start":{"line":59,"column":1},"end":{"line":61,"column":2}}],"line":59},"11":{"loc":{"start":{"line":79,"column":1},"end":{"line":79,"column":83}},"type":"if","locations":[{"start":{"line":79,"column":1},"end":{"line":79,"column":83}},{"start":{"line":79,"column":1},"end":{"line":79,"column":83}}],"line":79},"12":{"loc":{"start":{"line":80,"column":1},"end":{"line":82,"column":2}},"type":"if","locations":[{"start":{"line":80,"column":1},"end":{"line":82,"column":2}},{"start":{"line":80,"column":1},"end":{"line":82,"column":2}}],"line":80},"13":{"loc":{"start":{"line":84,"column":6},"end":{"line":87,"column":26}},"type":"if","locations":[{"start":{"line":84,"column":6},"end":{"line":87,"column":26}},{"start":{"line":84,"column":6},"end":{"line":87,"column":26}}],"line":84},"14":{"loc":{"start":{"line":85,"column":11},"end":{"line":87,"column":26}},"type":"if","locations":[{"start":{"line":85,"column":11},"end":{"line":87,"column":26}},{"start":{"line":85,"column":11},"end":{"line":87,"column":26}}],"line":85},"15":{"loc":{"start":{"line":86,"column":11},"end":{"line":87,"column":26}},"type":"if","locations":[{"start":{"line":86,"column":11},"end":{"line":87,"column":26}},{"start":{"line":86,"column":11},"end":{"line":87,"column":26}}],"line":86},"16":{"loc":{"start":{"line":102,"column":1},"end":{"line":102,"column":85}},"type":"if","locations":[{"start":{"line":102,"column":1},"end":{"line":102,"column":85}},{"start":{"line":102,"column":1},"end":{"line":102,"column":85}}],"line":102},"17":{"loc":{"start":{"line":105,"column":2},"end":{"line":106,"column":16}},"type":"if","locations":[{"start":{"line":105,"column":2},"end":{"line":106,"column":16}},{"start":{"line":105,"column":2},"end":{"line":106,"column":16}}],"line":105},"18":{"loc":{"start":{"line":128,"column":3},"end":{"line":130,"column":4}},"type":"if","locations":[{"start":{"line":128,"column":3},"end":{"line":130,"column":4}},{"start":{"line":128,"column":3},"end":{"line":130,"column":4}}],"line":128}},"s":{"0":1,"1":1,"2":11,"3":3,"4":8,"5":1,"6":7,"7":1,"8":6,"9":1,"10":26,"11":2,"12":24,"13":1,"14":23,"15":23,"16":97,"17":8,"18":15,"19":1,"20":6,"21":6,"22":1,"23":5,"24":4,"25":4,"26":17,"27":11,"28":5,"29":1,"30":4,"31":1,"32":4,"33":4,"34":1,"35":3,"36":1,"37":2,"38":2,"39":20,"40":1,"41":19,"42":5,"43":14,"44":3,"45":11,"46":2,"47":1,"48":4,"49":2,"50":2,"51":2,"52":2,"53":16,"54":15,"55":1,"56":2,"57":1,"58":3,"59":3,"60":3,"61":10,"62":10,"63":10,"64":14,"65":6,"66":3,"67":1},"f":{"0":11,"1":26,"2":6,"3":4,"4":4,"5":3},"b":{"0":[3,8],"1":[1,7],"2":[1,6],"3":[2,24],"4":[26,25],"5":[1,23],"6":[8,89],"7":[1,5],"8":[4,1],"9":[11,6],"10":[1,4],"11":[1,3],"12":[1,2],"13":[1,19],"14":[5,14],"15":[3,11],"16":[2,2],"17":[15,1],"18":[6,8]},"_coverageSchema":"43e27e138ebf9cfc5966b082cf9a028302ed4184","hash":"c5b792f0141cb11967ba022b9fbd9b5fe98df816"}
}
