TN:
SF:/home/tahrim/Téléchargements/Cours/2A/TestUnitaire/tp-jest/src/book.repository.js
FN:6,(anonymous_0)
FN:10,(anonymous_1)
FN:17,(anonymous_2)
FN:24,(anonymous_3)
FN:32,(anonymous_4)
FN:55,(anonymous_5)
FNF:6
FNH:2
FNDA:1,(anonymous_0)
FNDA:1,(anonymous_1)
FNDA:0,(anonymous_2)
FNDA:0,(anonymous_3)
FNDA:0,(anonymous_4)
FNDA:0,(anonymous_5)
DA:7,1
DA:11,1
DA:62,1
LF:3
LH:3
BRF:0
BRH:0
end_of_record
TN:
SF:/home/tahrim/Téléchargements/Cours/2A/TestUnitaire/tp-jest/src/interval.js
FN:2,(anonymous_0)
FN:7,(anonymous_1)
FN:25,(anonymous_2)
FN:45,(anonymous_3)
FN:65,(anonymous_4)
FN:99,(anonymous_5)
FN:135,(anonymous_6)
FNF:7
FNH:6
FNDA:62,(anonymous_0)
FNDA:0,(anonymous_1)
FNDA:2,(anonymous_2)
FNDA:4,(anonymous_3)
FNDA:5,(anonymous_4)
FNDA:9,(anonymous_5)
FNDA:7,(anonymous_6)
DA:3,62
DA:4,62
DA:8,0
DA:26,2
DA:46,4
DA:66,5
DA:67,5
DA:68,5
DA:69,1
DA:70,4
DA:71,1
DA:74,3
DA:75,2
DA:77,3
DA:78,1
DA:80,3
DA:100,9
DA:101,9
DA:102,9
DA:103,4
DA:104,4
DA:105,13
DA:106,11
DA:108,5
DA:109,4
DA:110,4
DA:111,34
DA:112,32
DA:115,9
DA:116,8
DA:136,7
DA:137,6
DA:138,1
DA:139,5
DA:140,1
DA:142,4
DA:143,4
DA:144,4
DA:145,4
DA:146,4
DA:147,4
DA:148,1
DA:149,1
DA:151,1
DA:152,1
DA:153,3
DA:154,1
DA:155,1
DA:157,1
DA:158,1
DA:159,2
DA:160,1
DA:161,1
DA:163,1
DA:164,1
DA:165,1
DA:166,1
DA:167,1
DA:169,1
DA:170,1
DA:173,4
DA:174,4
DA:175,4
DA:179,1
LF:64
LH:63
BRDA:26,0,0,2
BRDA:26,0,1,2
BRDA:46,1,0,4
BRDA:46,1,1,2
BRDA:68,2,0,1
BRDA:68,2,1,4
BRDA:70,3,0,1
BRDA:70,3,1,3
BRDA:74,4,0,1
BRDA:74,4,1,2
BRDA:77,5,0,2
BRDA:77,5,1,1
BRDA:102,6,0,4
BRDA:102,6,1,5
BRDA:102,7,0,9
BRDA:102,7,1,9
BRDA:105,8,0,2
BRDA:105,8,1,11
BRDA:108,9,0,4
BRDA:108,9,1,1
BRDA:108,10,0,5
BRDA:108,10,1,4
BRDA:111,11,0,2
BRDA:111,11,1,32
BRDA:115,12,0,1
BRDA:115,12,1,8
BRDA:136,13,0,1
BRDA:136,13,1,6
BRDA:136,14,0,7
BRDA:136,14,1,1
BRDA:137,15,0,1
BRDA:137,15,1,5
BRDA:139,16,0,1
BRDA:139,16,1,4
BRDA:147,17,0,1
BRDA:147,17,1,3
BRDA:147,18,0,4
BRDA:147,18,1,4
BRDA:147,18,2,2
BRDA:153,19,0,1
BRDA:153,19,1,2
BRDA:153,20,0,3
BRDA:153,20,1,3
BRDA:153,20,2,2
BRDA:159,21,0,1
BRDA:159,21,1,1
BRDA:159,22,0,2
BRDA:159,22,1,2
BRDA:159,22,2,1
BRDA:165,23,0,1
BRDA:165,23,1,0
BRDA:165,24,0,1
BRDA:165,24,1,1
BRDA:165,24,2,1
BRF:54
BRH:53
end_of_record
TN:
SF:/home/tahrim/Téléchargements/Cours/2A/TestUnitaire/tp-jest/src/math.js
FN:2,(anonymous_0)
FN:26,(anonymous_1)
FN:49,(anonymous_2)
FN:77,(anonymous_3)
FN:101,(anonymous_4)
FN:123,(anonymous_5)
FNF:6
FNH:6
FNDA:11,(anonymous_0)
FNDA:26,(anonymous_1)
FNDA:6,(anonymous_2)
FNDA:4,(anonymous_3)
FNDA:4,(anonymous_4)
FNDA:3,(anonymous_5)
DA:1,1
DA:2,1
DA:3,11
DA:4,3
DA:7,8
DA:8,1
DA:11,7
DA:12,1
DA:15,6
DA:26,1
DA:27,26
DA:28,2
DA:30,24
DA:31,1
DA:33,23
DA:34,97
DA:35,15
DA:49,1
DA:50,6
DA:51,6
DA:52,5
DA:53,4
DA:54,17
DA:55,11
DA:59,5
DA:60,1
DA:62,4
DA:77,1
DA:78,4
DA:79,4
DA:80,3
DA:81,1
DA:83,2
DA:84,20
DA:85,19
DA:86,14
DA:87,11
DA:89,2
DA:101,1
DA:102,4
DA:103,2
DA:104,2
DA:105,16
DA:106,1
DA:108,2
DA:123,1
DA:124,3
DA:125,3
DA:126,10
DA:127,10
DA:128,14
DA:129,6
DA:133,3
DA:136,1
LF:54
LH:54
BRDA:3,0,0,3
BRDA:3,0,1,8
BRDA:7,1,0,1
BRDA:7,1,1,7
BRDA:11,2,0,1
BRDA:11,2,1,6
BRDA:27,3,0,2
BRDA:27,3,1,24
BRDA:27,4,0,26
BRDA:27,4,1,25
BRDA:30,5,0,1
BRDA:30,5,1,23
BRDA:34,6,0,8
BRDA:34,6,1,89
BRDA:51,7,0,1
BRDA:51,7,1,5
BRDA:52,8,0,4
BRDA:52,8,1,1
BRDA:54,9,0,11
BRDA:54,9,1,6
BRDA:59,10,0,1
BRDA:59,10,1,4
BRDA:79,11,0,1
BRDA:79,11,1,3
BRDA:80,12,0,1
BRDA:80,12,1,2
BRDA:84,13,0,1
BRDA:84,13,1,19
BRDA:85,14,0,5
BRDA:85,14,1,14
BRDA:86,15,0,3
BRDA:86,15,1,11
BRDA:102,16,0,2
BRDA:102,16,1,2
BRDA:105,17,0,15
BRDA:105,17,1,1
BRDA:128,18,0,6
BRDA:128,18,1,8
BRF:38
BRH:38
end_of_record
